Exception in thread "main" java.lang.OutOfMemoryError: Java heap space
	at cs.Interval.contraction.TargetNode.<init>(TargetNode.java:77)
	at cs.Interval.contraction.TargetNode.<init>(TargetNode.java:91)
	at cs.Interval.contraction.SecurityGameContraction.Expand(SecurityGameContraction.java:8365)
	at cs.Interval.contraction.SecurityGameContraction.getPathsByBFS(SecurityGameContraction.java:8279)
	at cs.Interval.contraction.SecurityGameContraction.generatePaths(SecurityGameContraction.java:7715)
	at cs.Interval.contraction.SecurityGameContraction.basicGCSingleInstantAllPathsLP(SecurityGameContraction.java:2085)
	at cs.Interval.contraction.SecurityGameContraction.basicGCSingleInstantAllPathsLPTest(SecurityGameContraction.java:10411)
	at cs.Ingerval.Main.Main.main(Main.java:86)
Exception in thread "main" java.lang.OutOfMemoryError: Java heap space
	at cs.Interval.contraction.TargetNode.<init>(TargetNode.java:91)
	at cs.Interval.contraction.SecurityGameContraction.Expand(SecurityGameContraction.java:8365)
	at cs.Interval.contraction.SecurityGameContraction.getPathsByBFS(SecurityGameContraction.java:8279)
	at cs.Interval.contraction.SecurityGameContraction.generatePaths(SecurityGameContraction.java:7715)
	at cs.Interval.contraction.SecurityGameContraction.basicGCMultiInstantAllPathsLP(SecurityGameContraction.java:2462)
	at cs.Interval.contraction.SecurityGameContraction.basicGCMultiInstantAllPathsLPTest(SecurityGameContraction.java:10517)
	at cs.Ingerval.Main.Main.main(Main.java:89)
Exception in thread "main" java.lang.OutOfMemoryError: Java heap space
	at cs.Interval.contraction.TargetNode.<init>(TargetNode.java:91)
	at cs.Interval.contraction.SecurityGameContraction.Expand(SecurityGameContraction.java:8365)
	at cs.Interval.contraction.SecurityGameContraction.getPathsByBFS(SecurityGameContraction.java:8279)
	at cs.Interval.contraction.SecurityGameContraction.generatePaths(SecurityGameContraction.java:7715)
	at cs.Interval.contraction.SecurityGameContraction.noContractionNoColumnGeneration(SecurityGameContraction.java:3766)
	at cs.Interval.contraction.SecurityGameContraction.noContractionNoColumnGenerationTest(SecurityGameContraction.java:11096)
	at cs.Ingerval.Main.Main.main(Main.java:96)
Exception in thread "main" java.lang.OutOfMemoryError: GC overhead limit exceeded
	at cs.Interval.contraction.TargetNode.<init>(TargetNode.java:75)
	at cs.Interval.contraction.TargetNode.<init>(TargetNode.java:91)
	at cs.Interval.contraction.SecurityGameContraction.Expand(SecurityGameContraction.java:8365)
	at cs.Interval.contraction.SecurityGameContraction.getPathsByBFS(SecurityGameContraction.java:8279)
	at cs.Interval.contraction.SecurityGameContraction.generatePaths(SecurityGameContraction.java:7715)
	at cs.Interval.contraction.SecurityGameContraction.noContractionWithColumnGeneration(SecurityGameContraction.java:19497)
	at cs.Interval.contraction.SecurityGameContraction.noContractionWithColumnGenerationTest(SecurityGameContraction.java:13457)
	at cs.Ingerval.Main.Main.main(Main.java:99)
